<?xml version="1.0" encoding="UTF-8"?>
<!-- Generated by org.testng.reporters.JUnitReportReporter -->
<testsuite hostname="AP00084VDI" failures="0" tests="6" name="com.iceridge.testcases.CreateNewContactTest" time="58.036" errors="0" timestamp="25 Sep 2019 04:17:17 GMT" skipped="0">
  <testcase classname="com.iceridge.testcases.CreateNewContactTest" name="contactCreation" time="9.916"/>
  <testcase classname="com.iceridge.testcases.CreateNewContactTest" name="contactCreation" time="9.648"/>
  <testcase classname="com.iceridge.testcases.CreateNewContactTest" name="contactCreation" time="9.668"/>
  <testcase classname="com.iceridge.testcases.CreateNewContactTest" name="contactCreation" time="9.678"/>
  <testcase classname="com.iceridge.testcases.CreateNewContactTest" name="contactCreation" time="9.615"/>
  <testcase classname="com.iceridge.testcases.CreateNewContactTest" name="contactCreation" time="9.511"/>
</testsuite> <!-- com.iceridge.testcases.CreateNewContactTest -->
