<?xml version="1.0" encoding="UTF-8"?>
<!-- Generated by org.testng.reporters.JUnitReportReporter -->
<testsuite hostname="AP00084VDI" failures="0" tests="1" name="com.iceridge.testcases.LoginPageTest" time="11.088" errors="0" timestamp="25 Sep 2019 04:17:17 GMT" skipped="0">
  <testcase classname="com.iceridge.testcases.LoginPageTest" name="loginPage" time="11.088"/>
</testsuite> <!-- com.iceridge.testcases.LoginPageTest -->
