<?xml version="1.0" encoding="UTF-8"?>
<!-- Generated by org.testng.reporters.JUnitReportReporter -->
<testsuite hostname="AP00084VDI" failures="0" tests="1" name="com.iceridge.testcases.LogoutPageTest" time="2.813" errors="0" timestamp="25 Sep 2019 04:17:17 GMT" skipped="0">
  <testcase classname="com.iceridge.testcases.LogoutPageTest" name="logoutPage" time="2.813"/>
</testsuite> <!-- com.iceridge.testcases.LogoutPageTest -->
